example/android/BGGeoDemo/app/build/outputs/mapping/release/configuration.txt
# The proguard configuration file for the following section is release/processReleaseResources/aapt_rules.txt
-keep class androidx.core.app.CoreComponentFactory { <init>(); }
-keep class androidx.profileinstaller.ProfileInstallReceiver { <init>(); }
-keep class androidx.room.MultiInstanceInvalidationService { <init>(); }
-keep class androidx.startup.InitializationProvider { <init>(); }
-keep class androidx.work.impl.background.systemalarm.ConstraintProxy$BatteryChargingProxy { <init>(); }
-keep class androidx.work.impl.background.systemalarm.ConstraintProxy$BatteryNotLowProxy { <init>(); }
-keep class androidx.work.impl.background.systemalarm.ConstraintProxy$NetworkStateProxy { <init>(); }
-keep class androidx.work.impl.background.systemalarm.ConstraintProxy$StorageNotLowProxy { <init>(); }
-keep class androidx.work.impl.background.systemalarm.ConstraintProxyUpdateReceiver { <init>(); }
-keep class androidx.work.impl.background.systemalarm.RescheduleReceiver { <init>(); }
-keep class androidx.work.impl.background.systemalarm.SystemAlarmService { <init>(); }
-keep class androidx.work.impl.background.systemjob.SystemJobService { <init>(); }
-keep class androidx.work.impl.diagnostics.DiagnosticsReceiver { <init>(); }
-keep class androidx.work.impl.foreground.SystemForegroundService { <init>(); }
-keep class androidx.work.impl.utils.ForceStopRunnable$BroadcastReceiver { <init>(); }
-keep class com.google.android.gms.common.api.GoogleApiActivity { <init>(); }
-keep class com.transistorsoft.bggeo.kotlin.demo.Application { <init>(); }
-keep class com.transistorsoft.bggeo.kotlin.demo.MainActivity { <init>(); }
-keep class com.transistorsoft.locationmanager.BootReceiver { <init>(); }
-keep class com.transistorsoft.locationmanager.activity.TSLocationManagerActivity { <init>(); }
-keep class com.transistorsoft.locationmanager.scheduler.ScheduleAlarmReceiver { <init>(); }
-keep class com.transistorsoft.locationmanager.scheduler.ScheduleJobService { <init>(); }
-keep class com.transistorsoft.locationmanager.scheduler.ScheduleService { <init>(); }
-keep class com.transistorsoft.locationmanager.service.ActivityRecognitionService { <init>(); }
-keep class com.transistorsoft.locationmanager.service.FgsLaunchGate { <init>(); }
-keep class com.transistorsoft.locationmanager.service.GeofencingService { <init>(); }
-keep class com.transistorsoft.locationmanager.service.LocationRequestService { <init>(); }
-keep class com.transistorsoft.locationmanager.service.PolygonGeofencingService { <init>(); }
-keep class com.transistorsoft.locationmanager.service.TrackingService { <init>(); }
-keep class com.transistorsoft.locationmanager.util.LogFileProvider { <init>(); }
-keep class android.widget.Space { <init>(android.content.Context, android.util.AttributeSet); }

-keep class androidx.appcompat.app.AlertController$RecycleListView { <init>(android.content.Context, android.util.AttributeSet); }

-keep class androidx.appcompat.view.menu.ActionMenuItemView { <init>(android.content.Context, android.util.AttributeSet); }

-keep class androidx.appcompat.view.menu.ExpandedMenuView { <init>(android.content.Context, android.util.AttributeSet); }

-keep class androidx.appcompat.view.menu.ListMenuItemView { <init>(android.content.Context, android.util.AttributeSet); }

-keep class androidx.appcompat.widget.ActionBarContainer { <init>(android.content.Context, android.util.AttributeSet); }

-keep class androidx.appcompat.widget.ActionBarContextView { <init>(android.content.Context, android.util.AttributeSet); }

-keep class androidx.appcompat.widget.ActionBarOverlayLayout { <init>(android.content.Context, android.util.AttributeSet); }

-keep class androidx.appcompat.widget.ActionMenuView { <init>(android.content.Context, android.util.AttributeSet); }

-keep class androidx.appcompat.widget.ActivityChooserView$InnerLayout { <init>(android.content.Context, android.util.AttributeSet); }

-keep class androidx.appcompat.widget.AlertDialogLayout { <init>(android.content.Context, android.util.AttributeSet); }

-keep class androidx.appcompat.widget.ButtonBarLayout { <init>(android.content.Context, android.util.AttributeSet); }

-keep class androidx.appcompat.widget.ContentFrameLayout { <init>(android.content.Context, android.util.AttributeSet); }

-keep class androidx.appcompat.widget.DialogTitle { <init>(android.content.Context, android.util.AttributeSet); }

-keep class androidx.appcompat.widget.FitWindowsFrameLayout { <init>(android.content.Context, android.util.AttributeSet); }

-keep class androidx.appcompat.widget.FitWindowsLinearLayout { <init>(android.content.Context, android.util.AttributeSet); }

-keep class androidx.appcompat.widget.SearchView$SearchAutoComplete { <init>(android.content.Context, android.util.AttributeSet); }

-keep class androidx.appcompat.widget.SwitchCompat { <init>(android.content.Context); }

-keep class androidx.appcompat.widget.Toolbar { <init>(android.content.Context, android.util.AttributeSet); }

-keep class androidx.appcompat.widget.ViewStubCompat { <init>(android.content.Context, android.util.AttributeSet); }

-keep class androidx.constraintlayout.helper.widget.Flow { <init>(android.content.Context, android.util.AttributeSet); }

-keep class androidx.constraintlayout.widget.ConstraintLayout { <init>(android.content.Context, android.util.AttributeSet); }

-keep class androidx.coordinatorlayout.widget.CoordinatorLayout { <init>(android.content.Context, android.util.AttributeSet); }

-keep class androidx.core.widget.NestedScrollView { <init>(android.content.Context, android.util.AttributeSet); }

-keep class androidx.fragment.app.FragmentContainerView { <init>(android.content.Context, android.util.AttributeSet); }

-keep class androidx.recyclerview.widget.RecyclerView { <init>(android.content.Context, android.util.AttributeSet); }

-keep class com.google.android.material.appbar.MaterialToolbar { <init>(android.content.Context, android.util.AttributeSet); }

-keep class com.google.android.material.button.MaterialButton { <init>(android.content.Context, android.util.AttributeSet); }

-keep class com.google.android.material.button.MaterialButtonToggleGroup { <init>(android.content.Context, android.util.AttributeSet); }

-keep class com.google.android.material.card.MaterialCardView { <init>(android.content.Context, android.util.AttributeSet); }

-keep class com.google.android.material.chip.Chip { <init>(android.content.Context, android.util.AttributeSet); }

-keep class com.google.android.material.datepicker.MaterialCalendarGridView { <init>(android.content.Context, android.util.AttributeSet); }

-keep class com.google.android.material.divider.MaterialDivider { <init>(android.content.Context, android.util.AttributeSet); }

-keep class com.google.android.material.floatingactionbutton.FloatingActionButton { <init>(android.content.Context, android.util.AttributeSet); }

-keep class com.google.android.material.internal.BaselineLayout { <init>(android.content.Context, android.util.AttributeSet); }

-keep class com.google.android.material.internal.CheckableImageButton { <init>(android.content.Context, android.util.AttributeSet); }

-keep class com.google.android.material.internal.ClippableRoundedCornerLayout { <init>(android.content.Context, android.util.AttributeSet); }

-keep class com.google.android.material.internal.NavigationMenuItemView { <init>(android.content.Context, android.util.AttributeSet); }

-keep class com.google.android.material.internal.NavigationMenuView { <init>(android.content.Context, android.util.AttributeSet); }

-keep class com.google.android.material.internal.TouchObserverFrameLayout { <init>(android.content.Context, android.util.AttributeSet); }

-keep class com.google.android.material.materialswitch.MaterialSwitch { <init>(android.content.Context, android.util.AttributeSet); }

-keep class com.google.android.material.snackbar.Snackbar$SnackbarLayout { <init>(android.content.Context, android.util.AttributeSet); }

-keep class com.google.android.material.snackbar.SnackbarContentLayout { <init>(android.content.Context, android.util.AttributeSet); }

-keep class com.google.android.material.textfield.MaterialAutoCompleteTextView { <init>(android.content.Context, android.util.AttributeSet); }

-keep class com.google.android.material.textfield.TextInputEditText { <init>(android.content.Context, android.util.AttributeSet); }

-keep class com.google.android.material.textfield.TextInputLayout { <init>(android.content.Context, android.util.AttributeSet); }

-keep class com.google.android.material.textview.MaterialTextView { <init>(android.content.Context, android.util.AttributeSet); }

-keep class com.google.android.material.timepicker.ChipTextInputComboView { <init>(android.content.Context, android.util.AttributeSet); }

-keep class com.google.android.material.timepicker.ClockFaceView { <init>(android.content.Context, android.util.AttributeSet); }

-keep class com.google.android.material.timepicker.ClockHandView { <init>(android.content.Context, android.util.AttributeSet); }

-keep class com.google.android.material.timepicker.TimePickerView { <init>(android.content.Context, android.util.AttributeSet); }

-keep class com.transistorsoft.bggeo.kotlin.demo.fields.StepperField { <init>(android.content.Context, android.util.AttributeSet); }


# End of content from release/processReleaseResources/aapt_rules.txt
# The proguard configuration file for the following section is default_proguard_files/global/proguard-android-optimize.txt-8.13.2
# This is a configuration file for ProGuard.
# http://proguard.sourceforge.net/index.html#manual/usage.html
#
# Starting with version 2.2 of the Android plugin for Gradle, this file is distributed together with
# the plugin and unpacked at build-time. The files in $ANDROID_HOME are no longer maintained and
# will be ignored by new version of the Android plugin for Gradle.

# Optimizations: If you don't want to optimize, use the proguard-android.txt configuration file
# instead of this one, which turns off the optimization flags.
-allowaccessmodification

# Preserve some attributes that may be required for reflection.
-keepattributes AnnotationDefault,
                EnclosingMethod,
                InnerClasses,
                RuntimeVisibleAnnotations,
                RuntimeVisibleParameterAnnotations,
                RuntimeVisibleTypeAnnotations,
                Signature

-keep public class com.google.vending.licensing.ILicensingService
-keep public class com.android.vending.licensing.ILicensingService
-keep public class com.google.android.vending.licensing.ILicensingService
-dontnote com.android.vending.licensing.ILicensingService
-dontnote com.google.vending.licensing.ILicensingService
-dontnote com.google.android.vending.licensing.ILicensingService

# For native methods, see https://www.guardsquare.com/manual/configuration/examples#native
-keepclasseswithmembernames,includedescriptorclasses class * {
    native <methods>;
}

# Keep setters in Views so that animations can still work.
-keepclassmembers public class * extends android.view.View {
    void set*(***);
    *** get*();
}

# We want to keep methods in Activity that could be used in the XML attribute onClick.
-keepclassmembers class * extends android.app.Activity {
    public void *(android.view.View);
}

# For enumeration classes, see https://www.guardsquare.com/manual/configuration/examples#enumerations
-keepclassmembers enum * {
    public static **[] values();
    public static ** valueOf(java.lang.String);
}

-keepclassmembers class * implements android.os.Parcelable {
    public static final ** CREATOR;
}

# Preserve annotated Javascript interface methods.
-keepclassmembers class * {
    @android.webkit.JavascriptInterface <methods>;
}

# The support libraries contains references to newer platform versions.
# Don't warn about those in case this app is linking against an older
# platform version. We know about them, and they are safe.
-dontnote android.support.**
-dontnote androidx.**
-dontwarn android.support.**
-dontwarn androidx.**

# Understand the @Keep support annotation.
-keep class android.support.annotation.Keep

-keep @android.support.annotation.Keep class * {*;}

-keepclasseswithmembers class * {
    @android.support.annotation.Keep <methods>;
}

-keepclasseswithmembers class * {
    @android.support.annotation.Keep <fields>;
}

-keepclasseswithmembers class * {
    @android.support.annotation.Keep <init>(...);
}

# These classes are duplicated between android.jar and org.apache.http.legacy.jar.
-dontnote org.apache.http.**
-dontnote android.net.http.**

# These classes are duplicated between android.jar and core-lambda-stubs.jar.
-dontnote java.lang.invoke.**

# End of content from default_proguard_files/global/proguard-android-optimize.txt-8.13.2
# The proguard configuration file for the following section is android/app/proguard-rules.pro
# Add project specific ProGuard rules here.
# You can control the set of applied configuration files using the
# proguardFiles setting in build.gradle.
#
# For more details, see
#   http://developer.android.com/guide/developing/tools/proguard.html

# If your project uses WebView with JS, uncomment the following
# and specify the fully qualified class name to the JavaScript interface
# class:
#-keepclassmembers class fqcn.of.javascript.interface.for.webview {
#   public *;
#}

# Uncomment this to preserve the line number information for
# debugging stack traces.
#-keepattributes SourceFile,LineNumberTable

# If you keep the line number information, uncomment this to
# hide the original source file name.
#-renamesourcefileattribute SourceFile
# End of content from android/app/proguard-rules.pro
# The proguard configuration file for the following section is transformed/tslocationmanager-4.0.23-SNAPSHOT/proguard.txt
# JNI surface
-keepnames class com.transistorsoft.locationmanager.a.A
-keepclassmembers class com.transistorsoft.locationmanager.a.A {
    public static void r(boolean);
    public static boolean getDBFlag();
}

#######################################################################
# TSConfig reflection (metadata + state + editors)
#######################################################################
-keepattributes *Annotation*,Signature,EnclosingMethod,InnerClasses

# Keep the annotation TYPES so they exist at runtime
-keep class com.transistorsoft.locationmanager.config.meta.ConfigProp { *; }
-keep class com.transistorsoft.locationmanager.config.meta.ConfigSpec { *; }
-keep class com.transistorsoft.locationmanager.config.meta.ConfigGroup { *; }
-keep class com.transistorsoft.locationmanager.config.meta.CtorOrder { *; }

# Keep field names + ctors for state modules; FieldIndex uses getters/ctors by name/signature
-keepnames class com.transistorsoft.locationmanager.config.state.** { *; }
-keepclassmembers class com.transistorsoft.locationmanager.config.state.** {
    <fields>;
    <init>(...);
}

# Keep module field names on the aggregate ConfigState
-keepnames class com.transistorsoft.locationmanager.config.state.ConfigState {
    <fields>;
    <init>(...);
}

# Keep Editor and sub-editors members that routing may reflect
-keepnames class com.transistorsoft.locationmanager.config.edit.Editor { *; }
-keepclassmembers class com.transistorsoft.locationmanager.config.edit.Editor {
    <fields>;
    <init>(...);
}
-keepclassmembers class com.transistorsoft.locationmanager.config.edit.** {
    public <init>(...);
    public ** set*(...);
    <fields>;
}
-keepnames class com.transistorsoft.locationmanager.config.TSConfig
-keepclassmembers class com.transistorsoft.locationmanager.config.TSConfig { public static void r(boolean); }
-keepnames class com.transistorsoft.locationmanager.logger.TSLog
-keepclassmembers class com.transistorsoft.locationmanager.logger.TSLog { public static void r(boolean); }
-keepnames class com.transistorsoft.locationmanager.service.AbstractService
-keepclassmembers class com.transistorsoft.locationmanager.service.AbstractService { public static void r(boolean); }

# Services (names + ctors)
-keep class com.transistorsoft.locationmanager.service.** extends com.transistorsoft.locationmanager.service.AbstractService
-keepclassmembers class com.transistorsoft.locationmanager.service.** extends com.transistorsoft.locationmanager.service.AbstractService { <init>(...); }
# ServiceLaunchReceiver
-keep class com.transistorsoft.locationmanager.service.FgsLaunchGate { <init>(); *; }

# Scheduler components
-keep class com.transistorsoft.locationmanager.scheduler.ScheduleAlarmReceiver
-keep class com.transistorsoft.locationmanager.scheduler.ScheduleJobService
-keep class com.transistorsoft.locationmanager.scheduler.ScheduleService
-keepclassmembers class com.transistorsoft.locationmanager.scheduler.ScheduleAlarmReceiver { <init>(...); }
-keepclassmembers class com.transistorsoft.locationmanager.scheduler.ScheduleJobService { <init>(...); }
-keepclassmembers class com.transistorsoft.locationmanager.scheduler.ScheduleService { <init>(...); }

# Cross-module DTOs
-keepnames class com.transistorsoft.locationmanager.data.SQLQuery
-keepclassmembers class com.transistorsoft.locationmanager.data.SQLQuery { public static *; }
-keepnames class com.transistorsoft.locationmanager.data.LocationModel
-keepclassmembers class com.transistorsoft.locationmanager.data.LocationModel { public *; }

# EventBus reflection
-keepattributes *Annotation*
-keepclassmembers class * { @org.greenrobot.eventbus.Subscribe <methods>; }
-keep enum org.greenrobot.eventbus.ThreadMode { *; }
-keep class org.greenrobot.eventbus.android.AndroidComponentsImpl

# PermissionManager public fragments.
-keep class com.transistorsoft.locationmanager.permissions.PermissionHostFragment { *; }
-keep class com.transistorsoft.locationmanager.permissions.PermissionHostFragment$PlatformPermissionHostFragment { *; }

# Use conditional keeps so rules only apply when the plugin is actually present.
-if class com.transistorsoft.flutter.backgroundgeolocation.FLTBackgroundGeolocationPlugin
-keepnames class com.transistorsoft.flutter.backgroundgeolocation.FLTBackgroundGeolocationPlugin
-if class com.transistorsoft.cordova.bggeo.CDVBackgroundGeolocation
-keepnames class com.transistorsoft.cordova.bggeo.CDVBackgroundGeolocation
-if class com.transistorsoft.rnbackgroundgeolocation.RNBackgroundGeolocation
-keepnames class com.transistorsoft.rnbackgroundgeolocation.RNBackgroundGeolocation
-if class com.transistorsoft.bggeo.capacitor.BackgroundGeolocationPlugin
-keepnames class com.transistorsoft.bggeo.capacitor.BackgroundGeolocationPlugin

# Kotlin API — keep public class names and members
-keepnames public class com.transistorsoft.locationmanager.kotlin.**
-keep public class com.transistorsoft.locationmanager.kotlin.** { public *; }
-keepclassmembers public class com.transistorsoft.locationmanager.kotlin.** { public static *; }

# OkHttp
-dontwarn okio.**
-dontwarn okhttp3.**
-dontwarn javax.annotation.**
-dontwarn org.conscrypt.**
-keepnames class okhttp3.internal.publicsuffix.PublicSuffixDatabase
# End of content from transformed/tslocationmanager-4.0.23-SNAPSHOT/proguard.txt
# The proguard configuration file for the following section is transformed/navigation-runtime-release/proguard.txt
# Intentionally empty proguard rules to indicate this library is safe to shrink

# End of content from transformed/navigation-runtime-release/proguard.txt
# The proguard configuration file for the following section is transformed/navigation-common-release/proguard.txt
# Copyright (C) 2019 The Android Open Source Project
#
# Licensed under the Apache License, Version 2.0 (the "License");
# you may not use this file except in compliance with the License.
# You may obtain a copy of the License at
#
#      http://www.apache.org/licenses/LICENSE-2.0
#
# Unless required by applicable law or agreed to in writing, software
# distributed under the License is distributed on an "AS IS" BASIS,