example/android/BGGeoDemo/app/build/outputs/mapping/release/seeds.txt
com.transistorsoft.bggeo.kotlin.demo.fields.StepperField
com.transistorsoft.bggeo.kotlin.demo.ui.settings.SettingsBottomSheet
com.transistorsoft.bggeo.kotlin.demo.settings.ConfigViewModel
com.transistorsoft.bggeo.kotlin.demo.Application
com.transistorsoft.bggeo.kotlin.demo.MainActivity
com.transistorsoft.bggeo.kotlin.demo.MainActivityViewModel
com.transistorsoft.bggeo.kotlin.demo.fields.StepperField: void setMin(float)
com.transistorsoft.bggeo.kotlin.demo.fields.StepperField: void setStep(float)
com.transistorsoft.bggeo.kotlin.demo.fields.StepperField: kotlin.jvm.functions.Function1 getOnValueChanged()
com.transistorsoft.bggeo.kotlin.demo.fields.StepperField: float getValue()
com.transistorsoft.bggeo.kotlin.demo.fields.StepperField: void setLabel(java.lang.String)
com.transistorsoft.bggeo.kotlin.demo.fields.StepperField: StepperField(android.content.Context,android.util.AttributeSet)
com.transistorsoft.bggeo.kotlin.demo.fields.StepperField: java.lang.String getLabel()
com.transistorsoft.bggeo.kotlin.demo.fields.StepperField: void setMax(float)
com.transistorsoft.bggeo.kotlin.demo.UiConfigState$TrackingMode: com.transistorsoft.bggeo.kotlin.demo.UiConfigState$TrackingMode valueOf(java.lang.String)
com.transistorsoft.bggeo.kotlin.demo.fields.StepperField: void setOnValueChanged(kotlin.jvm.functions.Function1)
com.transistorsoft.bggeo.kotlin.demo.fields.StepperField: void setValueSilently(float)
com.transistorsoft.bggeo.kotlin.demo.fields.StepperField: float getMin()
com.transistorsoft.bggeo.kotlin.demo.Application: Application()
com.transistorsoft.bggeo.kotlin.demo.settings.ConfigViewModel: ConfigViewModel(android.app.Application)
com.transistorsoft.bggeo.kotlin.demo.fields.StepperField: void setUnit(java.lang.String)
com.transistorsoft.bggeo.kotlin.demo.MainActivityViewModel: MainActivityViewModel()
com.transistorsoft.bggeo.kotlin.demo.fields.StepperField: java.lang.String getUnit()
com.transistorsoft.bggeo.kotlin.demo.fields.StepperField: float getMax()
com.transistorsoft.bggeo.kotlin.demo.UiConfigState$TrackingMode: com.transistorsoft.bggeo.kotlin.demo.UiConfigState$TrackingMode[] values()
com.transistorsoft.bggeo.kotlin.demo.fields.StepperField: float getStep()
com.transistorsoft.bggeo.kotlin.demo.ui.settings.SettingsBottomSheet: SettingsBottomSheet()
com.transistorsoft.bggeo.kotlin.demo.MainActivity: MainActivity()
com.transistorsoft.bggeo.kotlin.demo.fields.StepperField: void setValue(float)
...
androidx.appcompat.widget.AppCompatImageView: void setSupportImageTintMode(android.graphics.PorterDuff$Mode)
com.transistorsoft.locationmanager.kotlin.config.NotificationConfigEditor: java.util.List getActions()
com.transistorsoft.locationmanager.kotlin.events.ActivityChangeEvent: java.lang.String getActivity()
com.transistorsoft.locationmanager.kotlin.Geofence$EntryState: com.transistorsoft.locationmanager.kotlin.Geofence$EntryState[] values()
com.transistorsoft.locationmanager.kotlin.config.AuthorizationConfigEditor: java.lang.String getRefreshToken()
com.transistorsoft.locationmanager.kotlin.TransistorAuthorizationService: java.lang.Object destroyToken(android.content.Context,java.lang.String,kotlin.coroutines.Continuation)
com.transistorsoft.locationmanager.kotlin.config.HttpConfig: void setUrl(java.lang.String)
com.transistorsoft.locationmanager.kotlin.BGGeo: com.transistorsoft.locationmanager.kotlin.config.Config getConfig()
com.google.android.material.button.MaterialButton: android.graphics.drawable.Drawable getIcon()
androidx.appcompat.view.menu.ListMenuItemView: ListMenuItemView(android.content.Context,android.util.AttributeSet)
com.google.android.material.floatingactionbutton.FloatingActionButton: int getRippleColor()
com.google.android.material.chip.Chip: void setIconStartPaddingResource(int)
com.google.android.material.textfield.TextInputLayout: void setHelperText(java.lang.CharSequence)
com.google.android.material.timepicker.ChipTextInputComboView: ChipTextInputComboView(android.content.Context,android.util.AttributeSet)
androidx.cardview.widget.CardView: void setCardBackgroundColor(android.content.res.ColorStateList)
com.transistorsoft.locationmanager.kotlin.events.LocationEvent$GeofenceTrigger: java.lang.String getTimestamp()
androidx.appcompat.widget.Toolbar: android.view.MenuInflater getMenuInflater()
androidx.appcompat.widget.AppCompatEditText: androidx.appcompat.widget.AppCompatEditText$SuperCaller getSuperCaller()
androidx.lifecycle.Lifecycle$Event: androidx.lifecycle.Lifecycle$Event[] values()
com.transistorsoft.locationmanager.kotlin.config.LocationFilterConfig: void setKalmanProfile(com.transistorsoft.locationmanager.location.filter.KalmanProfile)
com.transistorsoft.locationmanager.kotlin.BGGeo$startGeofences$2$1: void onFailure(java.lang.String)
androidx.core.view.ViewCompat$Api21Impl: void setTranslationZ(android.view.View,float)
com.transistorsoft.locationmanager.kotlin.config.ActivityConfig: boolean getDisableMotionActivityUpdates()
com.transistorsoft.locationmanager.kotlin.config.ActivityConfigEditor: int getMinimumActivityRecognitionConfidence()
androidx.fragment.app.strictmode.FragmentStrictMode$Flag: androidx.fragment.app.strictmode.FragmentStrictMode$Flag valueOf(java.lang.String)
com.transistorsoft.locationmanager.kotlin.events.LocationEvent: java.util.Map toMap()
androidx.core.view.WindowInsetsCompat$Impl20: void setRootViewData(androidx.core.graphics.Insets)
com.google.android.material.textfield.TextInputLayout: android.graphics.drawable.Drawable getEndIconDrawable()
com.google.android.material.card.MaterialCardView: void setCheckedIconTint(android.content.res.ColorStateList)
com.google.android.material.snackbar.BaseTransientBottomBar$SnackbarBaseLayout: void setBackgroundDrawable(android.graphics.drawable.Drawable)
com.transistorsoft.locationmanager.kotlin.events.ProviderChangeEvent: org.json.JSONObject toJson()
androidx.lifecycle.ReportFragment$LifecycleCallbacks: ReportFragment$LifecycleCallbacks()
com.transistorsoft.locationmanager.kotlin.config.NotificationConfigEditor: void setChannelId(java.lang.String)
com.transistorsoft.locationmanager.service.FgsLaunchGate: long getProcessStartElapsed()
com.transistorsoft.locationmanager.config.edit.AppEditor: AppEditor(com.transistorsoft.locationmanager.config.state.AppState,boolean)
com.transistorsoft.locationmanager.kotlin.config.NotificationConfigEditor: java.lang.String getText()