example/android/BGGeoDemo/app/build/outputs/mapping/release/usage.txt
com.transistorsoft.bggeo.kotlin.demo.Application:
    private static final java.lang.String TAG
com.transistorsoft.bggeo.kotlin.demo.MainActivity:
    private static final java.lang.String TAG
com.transistorsoft.bggeo.kotlin.demo.R$array:
    public static int desired_accuracy_entries
    public static int heartbeat_interval_entries
    public static int http_auto_sync_threshold_entries
    public static int http_max_batch_size_entries
    public static int log_level_entries
    public static int log_max_days_entries
    public static int persist_max_days_entries
    public static int persist_max_records_entries
    public static int persist_mode_entries
    private void <init>()
com.transistorsoft.bggeo.kotlin.demo.R$attr
com.transistorsoft.bggeo.kotlin.demo.R$color
com.transistorsoft.bggeo.kotlin.demo.R$dimen:
    private void <init>()
com.transistorsoft.bggeo.kotlin.demo.R$drawable:
    public static int ic_launcher_background
    public static int ic_launcher_foreground
    public static int ic_outline_my_location_24
    public static int ic_play_arrow
    public static int ic_rounded_add_24
    public static int ic_rounded_minus_24
    public static int ic_service_icon
    private void <init>()
com.transistorsoft.bggeo.kotlin.demo.R$id:
    public static int bottom_divider
    public static int bottom_toolbar
    public static int nav_graph
    public static int odometer_container
    public static int stepperRoot
    private void <init>()
com.transistorsoft.bggeo.kotlin.demo.R$layout:
    public static int content_main
    private void <init>()
com.transistorsoft.bggeo.kotlin.demo.R$menu:
    private void <init>()
com.transistorsoft.bggeo.kotlin.demo.R$mipmap
com.transistorsoft.bggeo.kotlin.demo.R$navigation
com.transistorsoft.bggeo.kotlin.demo.R$string:
    public static int action_settings
    public static int first_fragment_label
    public static int lorem_ipsum
    public static int next
    public static int previous
    public static int second_fragment_label
    private void <init>()
com.transistorsoft.bggeo.kotlin.demo.R$style
com.transistorsoft.bggeo.kotlin.demo.R$styleable:
    private void <init>()
com.transistorsoft.bggeo.kotlin.demo.R$xml
com.transistorsoft.bggeo.kotlin.demo.R
com.transistorsoft.bggeo.kotlin.demo.UiConfigState$Authorization
com.transistorsoft.bggeo.kotlin.demo.UiConfigState$TrackingMode:
    public static kotlin.enums.EnumEntries getEntries()
com.transistorsoft.bggeo.kotlin.demo.UiConfigState
com.transistorsoft.bggeo.kotlin.demo.databinding.ActivityMainBinding:
    public synthetic bridge android.view.View getRoot()
com.transistorsoft.bggeo.kotlin.demo.databinding.ContentMainBinding
com.transistorsoft.bggeo.kotlin.demo.databinding.SheetGeofenceBinding
com.transistorsoft.bggeo.kotlin.demo.databinding.SheetSettingsBinding:
    public synthetic bridge android.view.View getRoot()
    public static com.transistorsoft.bggeo.kotlin.demo.databinding.SheetSettingsBinding inflate(android.view.LayoutInflater)
com.transistorsoft.bggeo.kotlin.demo.databinding.StepperFieldBinding
com.transistorsoft.bggeo.kotlin.demo.fields.StepperField:
    public void <init>(android.content.Context)
com.transistorsoft.bggeo.kotlin.demo.location.LocationManager$Companion:
    private final synchronized java.lang.String nextGeofenceIdentifier()
com.transistorsoft.bggeo.kotlin.demo.location.LocationManager$TrackingState:
    public void <init>()
    public final boolean component1()
    public final boolean component2()
    public final boolean component3()
    public static synthetic com.transistorsoft.bggeo.kotlin.demo.location.LocationManager$TrackingState copy$default(com.transistorsoft.bggeo.kotlin.demo.location.LocationManager$TrackingState,boolean,boolean,boolean,int,java.lang.Object)
...
com.google.android.material.carousel.KeylineState$Keyline:
    public final float cutoff
    public final boolean isAnchor
    public final float leftOrTopPaddingShift
    public final float loc
    public final float locOffset
    public final float mask
    public final float maskedItemSize
    public final float rightOrBottomPaddingShift
    public void <init>(float,float,float,float,boolean,float,float,float)
com.google.android.material.carousel.KeylineState
com.google.android.material.carousel.KeylineStateList$1
com.google.android.material.carousel.KeylineStateList
com.google.android.material.carousel.Maskable
com.google.android.material.carousel.MultiBrowseCarouselStrategy:
    public static final int[] MEDIUM_COUNTS
    public static final int[] SMALL_COUNTS
    public int keylineCount
    static void <clinit>()
    public static boolean ensureArrangementFitsItemCount()
    public final com.google.android.material.carousel.KeylineState onFirstChildMeasuredWithMargins()
    public final boolean shouldRefreshKeylineState()
com.google.android.material.checkbox.MaterialCheckBox$$InternalSyntheticThrowCCEIfNotNull$76$64230ef508535390da37e035104af999ccafcbc3346ffbad5268c7d7cc5ad2a9$0
com.google.android.material.checkbox.MaterialCheckBox$$InternalSyntheticThrowCCEIfNotNull$76$aa0500c7b5fb81cb553ac89573852bdeadab87567d8c6dd741e4dc2fb74c3bfa$0
com.google.android.material.checkbox.MaterialCheckBox$1:
    public final android.graphics.drawable.Animatable2$AnimationCallback getPlatformCallback()
    public final void onAnimationEnd(android.graphics.drawable.Drawable)
    public static void onAnimationEnd$androidx$vectordrawable$graphics$drawable$Animatable2Compat$AnimationCallback()
    public final void onAnimationStart(android.graphics.drawable.Drawable)
    public static void onAnimationStart$androidx$vectordrawable$graphics$drawable$Animatable2Compat$AnimationCallback()
com.google.android.material.checkbox.MaterialCheckBox$OnCheckedStateChangedListener
com.google.android.material.checkbox.MaterialCheckBox$OnErrorChangedListener
com.google.android.material.checkbox.MaterialCheckBox$SavedState$1:
    public static com.google.android.material.checkbox.MaterialCheckBox$SavedState createFromParcel()
    public static com.google.android.material.checkbox.MaterialCheckBox$SavedState[] newArray()
com.google.android.material.checkbox.MaterialCheckBox:
    public static final int DEF_STYLE_RES
    public static boolean isErrorShown()
    public final void setDefaultStateDescription()
com.google.android.material.chip.Chip$$InternalSyntheticThrowCCEIfNotNull$37$669e6d520991dbec27bf0156848a14f32ec141a76d8ffa0f1dc63f4d9459619b$0
com.google.android.material.chip.Chip$$InternalSyntheticThrowCCEIfNotNull$37$d2f594f46fe1b99e62b8c5bd82e5c823f4e37436de8220796dc26f3162cc8145$0
com.google.android.material.chip.Chip$ChipTouchHelper:
    public final int getVirtualViewAt()
    public final boolean onPerformActionForVirtualView(int,int)
    public final void onPopulateNodeForHost()
com.google.android.material.chip.Chip:
    public static final int DEF_STYLE_RES
    public com.google.android.material.internal.MaterialCheckable$OnCheckedChangeListener onCheckedChangeListenerInternal
    public final boolean isCheckable()
    public final boolean isCloseIconVisible()
    public final void onChipDrawableSizeChange()
    public final boolean performCloseIconClick()
    public final void removeBackgroundInset()
    public static boolean shouldEnsureMinTouchTargetSize()
    public static void updateBackgroundDrawable()
com.google.android.material.chip.ChipDrawable$Delegate:
    public abstract void onChipDrawableSizeChange()